14:49:22 INFO  : Registering command handlers for SDK TCF services
14:49:22 INFO  : Launching XSCT server: xsct.bat -interactive F:\OneDrive\Study\IC2\AES-128-with-an-Instruction-Set\verifyPlatform\vivado\vivado.sdk\temp_xsdb_launch_script.tcl
14:49:26 INFO  : XSCT server has started successfully.
14:49:26 INFO  : Successfully done setting XSCT server connection channel  
14:49:26 INFO  : Successfully done setting SDK workspace  
14:49:26 INFO  : Processing command line option -hwspec F:/OneDrive/Study/IC2/AES-128-with-an-Instruction-Set/verifyPlatform/vivado/vivado.sdk/platform_wrapper.hdf.
16:59:41 INFO  : SDK has detected change in the last modified timestamps for source hardware specification file Source:1610269009528,  Project:1610260407579
16:59:41 INFO  : Project platform_wrapper_hw_platform_0's source hardware specification located at F:/OneDrive/Study/IC2/AES-128-with-an-Instruction-Set/verifyPlatform/vivado/vivado.sdk/platform_wrapper.hdf is now different from the local copy.
		 The local copy will be replaced with the source specification and your workspace will be updated.
16:59:58 INFO  : Copied contents of F:/OneDrive/Study/IC2/AES-128-with-an-Instruction-Set/verifyPlatform/vivado/vivado.sdk/platform_wrapper.hdf into \platform_wrapper_hw_platform_0\system.hdf.
17:00:01 INFO  : Synchronizing projects in the workspace with the hardware platform specification changes.
17:00:02 ERROR : (XSDB Server)ERROR: [Hsi 55-1433] Error boost::filesystem::remove: 另一个程序正在使用此文件，进程无法访问。: "F:\OneDrive\Study\IC2\AES-128-with-an-Instruction-Set\verifyPlatform\vivado\vivado.sdk\aes_verify_bsp/ps7_cortexa9_0\libsrc\clk_wiz_v1_2\src"

17:00:02 ERROR : (XSDB Server)ERROR: [Hsi 55-1450] Error: running generate_bsp.

17:00:02 ERROR : Failed to call sync_sw_with_hw_change
Reason: ERROR: [Common 17-39] 'hsi::generate_bsp' failed due to earlier errors.

17:00:02 ERROR : Error updating BSP project MSS files.
17:00:02 INFO  : Updating hardware inferred compiler options for aes_verify.
17:00:03 INFO  : Clearing existing target manager status.
17:00:03 INFO  : Closing and re-opening the MSS file of ther project aes_verify_bsp
17:00:03 INFO  : Closing and re-opening the MSS file of ther project aes_verify_bsp
17:00:04 INFO  : Closing and re-opening the MSS file of ther project aes_verify_bsp
17:00:04 INFO  : Workspace synchronized with the new hardware specification file. Cleaning dependent projects...
17:00:05 WARN  : Linker script will not be updated automatically. Users need to update it manually.
17:04:52 INFO  : Connected to target on host '127.0.0.1' and port '3121'.
17:04:52 INFO  : Jtag cable 'Digilent JTAG-HS1 210512180081' is selected.
17:04:52 INFO  : 'jtag frequency' command is executed.
17:04:52 INFO  : Sourcing of 'F:/OneDrive/Study/IC2/AES-128-with-an-Instruction-Set/verifyPlatform/vivado/vivado.sdk/platform_wrapper_hw_platform_0/ps7_init.tcl' is done.
17:04:52 INFO  : Context for 'APU' is selected.
17:04:53 INFO  : System reset is completed.
17:04:56 INFO  : 'after 3000' command is executed.
17:04:56 INFO  : 'targets -set -filter {jtag_cable_name =~ "Digilent JTAG-HS1 210512180081" && level==0} -index 1' command is executed.
17:04:59 INFO  : FPGA configured successfully with bitstream "F:/OneDrive/Study/IC2/AES-128-with-an-Instruction-Set/verifyPlatform/vivado/vivado.sdk/platform_wrapper_hw_platform_0/platform_wrapper.bit"
17:04:59 INFO  : Context for 'APU' is selected.
17:04:59 INFO  : Hardware design information is loaded from 'F:/OneDrive/Study/IC2/AES-128-with-an-Instruction-Set/verifyPlatform/vivado/vivado.sdk/platform_wrapper_hw_platform_0/system.hdf'.
17:04:59 INFO  : 'configparams force-mem-access 1' command is executed.
17:04:59 INFO  : Context for 'APU' is selected.
17:05:00 INFO  : 'ps7_init' command is executed.
17:05:00 INFO  : 'ps7_post_config' command is executed.
17:05:00 INFO  : 'configparams force-mem-access 0' command is executed.
17:05:00 INFO  : ----------------XSDB Script----------------
connect -url tcp:127.0.0.1:3121
source F:/OneDrive/Study/IC2/AES-128-with-an-Instruction-Set/verifyPlatform/vivado/vivado.sdk/platform_wrapper_hw_platform_0/ps7_init.tcl
targets -set -nocase -filter {name =~"APU*" && jtag_cable_name =~ "Digilent JTAG-HS1 210512180081"} -index 0
rst -system
after 3000
targets -set -filter {jtag_cable_name =~ "Digilent JTAG-HS1 210512180081" && level==0} -index 1
fpga -file F:/OneDrive/Study/IC2/AES-128-with-an-Instruction-Set/verifyPlatform/vivado/vivado.sdk/platform_wrapper_hw_platform_0/platform_wrapper.bit
targets -set -nocase -filter {name =~"APU*" && jtag_cable_name =~ "Digilent JTAG-HS1 210512180081"} -index 0
loadhw -hw F:/OneDrive/Study/IC2/AES-128-with-an-Instruction-Set/verifyPlatform/vivado/vivado.sdk/platform_wrapper_hw_platform_0/system.hdf -mem-ranges [list {0x40000000 0xbfffffff}]
configparams force-mem-access 1
targets -set -nocase -filter {name =~"APU*" && jtag_cable_name =~ "Digilent JTAG-HS1 210512180081"} -index 0
ps7_init
ps7_post_config
configparams force-mem-access 0
----------------End of Script----------------

17:05:00 INFO  : Memory regions updated for context APU
17:05:00 INFO  : Launch script is exported to file 'F:\OneDrive\Study\IC2\AES-128-with-an-Instruction-Set\verifyPlatform\vivado\vivado.sdk\.sdk\launch_scripts\xilinx_c-c++_application_(system_debugger)\system_debugger_on_local.tcl'
17:08:26 INFO  : Connected to target on host '127.0.0.1' and port '3121'.
17:08:32 INFO  : Connected to target on host '127.0.0.1' and port '3121'.
17:12:26 INFO  : Disconnected from the channel tcfchan#1.
17:12:39 INFO  : Registering command handlers for SDK TCF services
17:12:40 INFO  : Launching XSCT server: xsct.bat -interactive F:\OneDrive\Study\IC2\AES-128-with-an-Instruction-Set\verifyPlatform\vivado\vivado.sdk\temp_xsdb_launch_script.tcl
17:12:43 INFO  : XSCT server has started successfully.
17:12:43 INFO  : Successfully done setting XSCT server connection channel  
17:12:43 INFO  : Successfully done setting SDK workspace  
17:12:43 INFO  : Processing command line option -hwspec F:/OneDrive/Study/IC2/AES-128-with-an-Instruction-Set/verifyPlatform/vivado/vivado.sdk/platform_wrapper.hdf.
17:12:43 INFO  : Checking for hwspec changes in the project platform_wrapper_hw_platform_0.
17:13:42 INFO  : Registering command handlers for SDK TCF services
17:13:43 INFO  : Launching XSCT server: xsct.bat -interactive F:\OneDrive\Study\IC2\AES-128-with-an-Instruction-Set\verifyPlatform\vivado\vivado.sdk\temp_xsdb_launch_script.tcl
17:13:46 INFO  : XSCT server has started successfully.
17:13:46 INFO  : Successfully done setting XSCT server connection channel  
17:13:46 INFO  : Successfully done setting SDK workspace  
17:13:46 INFO  : Processing command line option -hwspec F:/OneDrive/Study/IC2/AES-128-with-an-Instruction-Set/verifyPlatform/vivado/vivado.sdk/platform_wrapper.hdf.
17:23:18 INFO  : Connected to target on host '127.0.0.1' and port '3121'.
17:23:18 INFO  : Jtag cable 'Digilent JTAG-HS1 210512180081' is selected.
17:23:18 INFO  : 'jtag frequency' command is executed.
17:23:18 INFO  : Sourcing of 'F:/OneDrive/Study/IC2/AES-128-with-an-Instruction-Set/verifyPlatform/vivado/vivado.sdk/platform_wrapper_hw_platform_0/ps7_init.tcl' is done.
17:23:18 INFO  : Context for 'APU' is selected.
17:23:19 INFO  : System reset is completed.
17:23:22 INFO  : 'after 3000' command is executed.
17:23:22 INFO  : 'targets -set -filter {jtag_cable_name =~ "Digilent JTAG-HS1 210512180081" && level==0} -index 1' command is executed.
17:23:25 INFO  : FPGA configured successfully with bitstream "F:/OneDrive/Study/IC2/AES-128-with-an-Instruction-Set/verifyPlatform/vivado/vivado.sdk/platform_wrapper_hw_platform_0/platform_wrapper.bit"
17:23:25 INFO  : Context for 'APU' is selected.
17:23:25 INFO  : Hardware design information is loaded from 'F:/OneDrive/Study/IC2/AES-128-with-an-Instruction-Set/verifyPlatform/vivado/vivado.sdk/platform_wrapper_hw_platform_0/system.hdf'.
17:23:25 INFO  : 'configparams force-mem-access 1' command is executed.
17:23:25 INFO  : Context for 'APU' is selected.
17:23:26 INFO  : 'ps7_init' command is executed.
17:23:26 INFO  : 'ps7_post_config' command is executed.
17:23:26 INFO  : 'configparams force-mem-access 0' command is executed.
17:23:26 INFO  : ----------------XSDB Script----------------
connect -url tcp:127.0.0.1:3121
source F:/OneDrive/Study/IC2/AES-128-with-an-Instruction-Set/verifyPlatform/vivado/vivado.sdk/platform_wrapper_hw_platform_0/ps7_init.tcl
targets -set -nocase -filter {name =~"APU*" && jtag_cable_name =~ "Digilent JTAG-HS1 210512180081"} -index 0
rst -system
after 3000
targets -set -filter {jtag_cable_name =~ "Digilent JTAG-HS1 210512180081" && level==0} -index 1
fpga -file F:/OneDrive/Study/IC2/AES-128-with-an-Instruction-Set/verifyPlatform/vivado/vivado.sdk/platform_wrapper_hw_platform_0/platform_wrapper.bit
targets -set -nocase -filter {name =~"APU*" && jtag_cable_name =~ "Digilent JTAG-HS1 210512180081"} -index 0
loadhw -hw F:/OneDrive/Study/IC2/AES-128-with-an-Instruction-Set/verifyPlatform/vivado/vivado.sdk/platform_wrapper_hw_platform_0/system.hdf -mem-ranges [list {0x40000000 0xbfffffff}]
configparams force-mem-access 1
targets -set -nocase -filter {name =~"APU*" && jtag_cable_name =~ "Digilent JTAG-HS1 210512180081"} -index 0
ps7_init
ps7_post_config
configparams force-mem-access 0
----------------End of Script----------------

17:23:26 INFO  : Memory regions updated for context APU
17:23:26 INFO  : Launch script is exported to file 'F:\OneDrive\Study\IC2\AES-128-with-an-Instruction-Set\verifyPlatform\vivado\vivado.sdk\.sdk\launch_scripts\xilinx_c-c++_application_(system_debugger)\system_debugger_on_local.tcl'
17:24:33 INFO  : Disconnected from the channel tcfchan#1.
17:24:34 INFO  : Connected to target on host '127.0.0.1' and port '3121'.
17:24:34 INFO  : Jtag cable 'Digilent JTAG-HS1 210512180081' is selected.
17:24:34 INFO  : 'jtag frequency' command is executed.
17:24:34 INFO  : Sourcing of 'F:/OneDrive/Study/IC2/AES-128-with-an-Instruction-Set/verifyPlatform/vivado/vivado.sdk/platform_wrapper_hw_platform_0/ps7_init.tcl' is done.
17:24:34 INFO  : Context for 'APU' is selected.
17:24:35 INFO  : System reset is completed.
17:24:38 INFO  : 'after 3000' command is executed.
17:24:38 INFO  : 'targets -set -filter {jtag_cable_name =~ "Digilent JTAG-HS1 210512180081" && level==0} -index 1' command is executed.
17:24:41 INFO  : FPGA configured successfully with bitstream "F:/OneDrive/Study/IC2/AES-128-with-an-Instruction-Set/verifyPlatform/vivado/vivado.sdk/platform_wrapper_hw_platform_0/platform_wrapper.bit"
17:24:41 INFO  : Context for 'APU' is selected.
17:24:44 INFO  : Hardware design information is loaded from 'F:/OneDrive/Study/IC2/AES-128-with-an-Instruction-Set/verifyPlatform/vivado/vivado.sdk/platform_wrapper_hw_platform_0/system.hdf'.
17:24:44 INFO  : 'configparams force-mem-access 1' command is executed.
17:24:44 INFO  : Context for 'APU' is selected.
17:24:44 INFO  : 'ps7_init' command is executed.
17:24:44 INFO  : 'ps7_post_config' command is executed.
17:24:44 INFO  : 'configparams force-mem-access 0' command is executed.
17:24:44 INFO  : ----------------XSDB Script----------------
connect -url tcp:127.0.0.1:3121
source F:/OneDrive/Study/IC2/AES-128-with-an-Instruction-Set/verifyPlatform/vivado/vivado.sdk/platform_wrapper_hw_platform_0/ps7_init.tcl
targets -set -nocase -filter {name =~"APU*" && jtag_cable_name =~ "Digilent JTAG-HS1 210512180081"} -index 0
rst -system
after 3000
targets -set -filter {jtag_cable_name =~ "Digilent JTAG-HS1 210512180081" && level==0} -index 1
fpga -file F:/OneDrive/Study/IC2/AES-128-with-an-Instruction-Set/verifyPlatform/vivado/vivado.sdk/platform_wrapper_hw_platform_0/platform_wrapper.bit
targets -set -nocase -filter {name =~"APU*" && jtag_cable_name =~ "Digilent JTAG-HS1 210512180081"} -index 0
loadhw -hw F:/OneDrive/Study/IC2/AES-128-with-an-Instruction-Set/verifyPlatform/vivado/vivado.sdk/platform_wrapper_hw_platform_0/system.hdf -mem-ranges [list {0x40000000 0xbfffffff}]
configparams force-mem-access 1
targets -set -nocase -filter {name =~"APU*" && jtag_cable_name =~ "Digilent JTAG-HS1 210512180081"} -index 0
ps7_init
ps7_post_config
configparams force-mem-access 0
----------------End of Script----------------

17:24:44 INFO  : Memory regions updated for context APU
17:24:44 INFO  : Launch script is exported to file 'F:\OneDrive\Study\IC2\AES-128-with-an-Instruction-Set\verifyPlatform\vivado\vivado.sdk\.sdk\launch_scripts\xilinx_c-c++_application_(system_debugger)\system_debugger_on_local.tcl'
17:28:48 INFO  : Disconnected from the channel tcfchan#2.
17:28:49 INFO  : Connected to target on host '127.0.0.1' and port '3121'.
17:28:50 INFO  : Jtag cable 'Digilent JTAG-HS1 210512180081' is selected.
17:28:50 INFO  : 'jtag frequency' command is executed.
17:28:50 INFO  : Sourcing of 'F:/OneDrive/Study/IC2/AES-128-with-an-Instruction-Set/verifyPlatform/vivado/vivado.sdk/platform_wrapper_hw_platform_0/ps7_init.tcl' is done.
17:28:50 INFO  : Context for 'APU' is selected.
17:28:50 INFO  : System reset is completed.
17:28:53 INFO  : 'after 3000' command is executed.
17:28:53 INFO  : 'targets -set -filter {jtag_cable_name =~ "Digilent JTAG-HS1 210512180081" && level==0} -index 1' command is executed.
17:28:56 INFO  : FPGA configured successfully with bitstream "F:/OneDrive/Study/IC2/AES-128-with-an-Instruction-Set/verifyPlatform/vivado/vivado.sdk/platform_wrapper_hw_platform_0/platform_wrapper.bit"
17:28:56 INFO  : Context for 'APU' is selected.
17:28:58 INFO  : Hardware design information is loaded from 'F:/OneDrive/Study/IC2/AES-128-with-an-Instruction-Set/verifyPlatform/vivado/vivado.sdk/platform_wrapper_hw_platform_0/system.hdf'.
17:28:58 INFO  : 'configparams force-mem-access 1' command is executed.
17:28:58 INFO  : Context for 'APU' is selected.
17:28:59 INFO  : 'ps7_init' command is executed.
17:28:59 INFO  : 'ps7_post_config' command is executed.
17:28:59 INFO  : 'configparams force-mem-access 0' command is executed.
17:28:59 INFO  : ----------------XSDB Script----------------
connect -url tcp:127.0.0.1:3121
source F:/OneDrive/Study/IC2/AES-128-with-an-Instruction-Set/verifyPlatform/vivado/vivado.sdk/platform_wrapper_hw_platform_0/ps7_init.tcl
targets -set -nocase -filter {name =~"APU*" && jtag_cable_name =~ "Digilent JTAG-HS1 210512180081"} -index 0
rst -system
after 3000
targets -set -filter {jtag_cable_name =~ "Digilent JTAG-HS1 210512180081" && level==0} -index 1
fpga -file F:/OneDrive/Study/IC2/AES-128-with-an-Instruction-Set/verifyPlatform/vivado/vivado.sdk/platform_wrapper_hw_platform_0/platform_wrapper.bit
targets -set -nocase -filter {name =~"APU*" && jtag_cable_name =~ "Digilent JTAG-HS1 210512180081"} -index 0
loadhw -hw F:/OneDrive/Study/IC2/AES-128-with-an-Instruction-Set/verifyPlatform/vivado/vivado.sdk/platform_wrapper_hw_platform_0/system.hdf -mem-ranges [list {0x40000000 0xbfffffff}]
configparams force-mem-access 1
targets -set -nocase -filter {name =~"APU*" && jtag_cable_name =~ "Digilent JTAG-HS1 210512180081"} -index 0
ps7_init
ps7_post_config
configparams force-mem-access 0
----------------End of Script----------------

17:28:59 INFO  : Memory regions updated for context APU
17:28:59 INFO  : Launch script is exported to file 'F:\OneDrive\Study\IC2\AES-128-with-an-Instruction-Set\verifyPlatform\vivado\vivado.sdk\.sdk\launch_scripts\xilinx_c-c++_application_(system_debugger)\system_debugger_on_local.tcl'
17:29:12 INFO  : Disconnected from the channel tcfchan#3.
17:29:13 INFO  : Connected to target on host '127.0.0.1' and port '3121'.
17:29:13 INFO  : Jtag cable 'Digilent JTAG-HS1 210512180081' is selected.
17:29:13 INFO  : 'jtag frequency' command is executed.
17:29:13 INFO  : Sourcing of 'F:/OneDrive/Study/IC2/AES-128-with-an-Instruction-Set/verifyPlatform/vivado/vivado.sdk/platform_wrapper_hw_platform_0/ps7_init.tcl' is done.
17:29:13 INFO  : Context for 'APU' is selected.
17:29:13 INFO  : System reset is completed.
17:29:16 INFO  : 'after 3000' command is executed.
17:29:16 INFO  : 'targets -set -filter {jtag_cable_name =~ "Digilent JTAG-HS1 210512180081" && level==0} -index 1' command is executed.
17:29:20 INFO  : FPGA configured successfully with bitstream "F:/OneDrive/Study/IC2/AES-128-with-an-Instruction-Set/verifyPlatform/vivado/vivado.sdk/platform_wrapper_hw_platform_0/platform_wrapper.bit"
17:29:20 INFO  : Context for 'APU' is selected.
17:29:21 INFO  : Hardware design information is loaded from 'F:/OneDrive/Study/IC2/AES-128-with-an-Instruction-Set/verifyPlatform/vivado/vivado.sdk/platform_wrapper_hw_platform_0/system.hdf'.
17:29:21 INFO  : 'configparams force-mem-access 1' command is executed.
17:29:21 INFO  : Context for 'APU' is selected.
17:29:21 INFO  : 'ps7_init' command is executed.
17:29:21 INFO  : 'ps7_post_config' command is executed.
17:29:21 INFO  : 'configparams force-mem-access 0' command is executed.
17:29:21 INFO  : ----------------XSDB Script----------------
connect -url tcp:127.0.0.1:3121
source F:/OneDrive/Study/IC2/AES-128-with-an-Instruction-Set/verifyPlatform/vivado/vivado.sdk/platform_wrapper_hw_platform_0/ps7_init.tcl
targets -set -nocase -filter {name =~"APU*" && jtag_cable_name =~ "Digilent JTAG-HS1 210512180081"} -index 0
rst -system
after 3000
targets -set -filter {jtag_cable_name =~ "Digilent JTAG-HS1 210512180081" && level==0} -index 1
fpga -file F:/OneDrive/Study/IC2/AES-128-with-an-Instruction-Set/verifyPlatform/vivado/vivado.sdk/platform_wrapper_hw_platform_0/platform_wrapper.bit
targets -set -nocase -filter {name =~"APU*" && jtag_cable_name =~ "Digilent JTAG-HS1 210512180081"} -index 0
loadhw -hw F:/OneDrive/Study/IC2/AES-128-with-an-Instruction-Set/verifyPlatform/vivado/vivado.sdk/platform_wrapper_hw_platform_0/system.hdf -mem-ranges [list {0x40000000 0xbfffffff}]
configparams force-mem-access 1
targets -set -nocase -filter {name =~"APU*" && jtag_cable_name =~ "Digilent JTAG-HS1 210512180081"} -index 0
ps7_init
ps7_post_config
configparams force-mem-access 0
----------------End of Script----------------

17:29:21 INFO  : Memory regions updated for context APU
17:29:21 INFO  : Launch script is exported to file 'F:\OneDrive\Study\IC2\AES-128-with-an-Instruction-Set\verifyPlatform\vivado\vivado.sdk\.sdk\launch_scripts\xilinx_c-c++_application_(system_debugger)\system_debugger_on_local.tcl'
17:30:11 INFO  : Disconnected from the channel tcfchan#4.
17:30:12 INFO  : Connected to target on host '127.0.0.1' and port '3121'.
17:30:12 INFO  : Jtag cable 'Digilent JTAG-HS1 210512180081' is selected.
17:30:12 INFO  : 'jtag frequency' command is executed.
17:30:12 INFO  : Sourcing of 'F:/OneDrive/Study/IC2/AES-128-with-an-Instruction-Set/verifyPlatform/vivado/vivado.sdk/platform_wrapper_hw_platform_0/ps7_init.tcl' is done.
17:30:12 INFO  : Context for 'APU' is selected.
17:30:12 INFO  : System reset is completed.
17:30:15 INFO  : 'after 3000' command is executed.
17:30:15 INFO  : 'targets -set -filter {jtag_cable_name =~ "Digilent JTAG-HS1 210512180081" && level==0} -index 1' command is executed.
17:30:19 INFO  : FPGA configured successfully with bitstream "F:/OneDrive/Study/IC2/AES-128-with-an-Instruction-Set/verifyPlatform/vivado/vivado.sdk/platform_wrapper_hw_platform_0/platform_wrapper.bit"
17:30:19 INFO  : Context for 'APU' is selected.
17:30:20 INFO  : Hardware design information is loaded from 'F:/OneDrive/Study/IC2/AES-128-with-an-Instruction-Set/verifyPlatform/vivado/vivado.sdk/platform_wrapper_hw_platform_0/system.hdf'.
17:30:20 INFO  : 'configparams force-mem-access 1' command is executed.
17:30:20 INFO  : Context for 'APU' is selected.
17:30:21 INFO  : 'ps7_init' command is executed.
17:30:21 INFO  : 'ps7_post_config' command is executed.
17:30:21 INFO  : 'configparams force-mem-access 0' command is executed.
17:30:21 INFO  : ----------------XSDB Script----------------
connect -url tcp:127.0.0.1:3121
source F:/OneDrive/Study/IC2/AES-128-with-an-Instruction-Set/verifyPlatform/vivado/vivado.sdk/platform_wrapper_hw_platform_0/ps7_init.tcl
targets -set -nocase -filter {name =~"APU*" && jtag_cable_name =~ "Digilent JTAG-HS1 210512180081"} -index 0
rst -system
after 3000
targets -set -filter {jtag_cable_name =~ "Digilent JTAG-HS1 210512180081" && level==0} -index 1
fpga -file F:/OneDrive/Study/IC2/AES-128-with-an-Instruction-Set/verifyPlatform/vivado/vivado.sdk/platform_wrapper_hw_platform_0/platform_wrapper.bit
targets -set -nocase -filter {name =~"APU*" && jtag_cable_name =~ "Digilent JTAG-HS1 210512180081"} -index 0
loadhw -hw F:/OneDrive/Study/IC2/AES-128-with-an-Instruction-Set/verifyPlatform/vivado/vivado.sdk/platform_wrapper_hw_platform_0/system.hdf -mem-ranges [list {0x40000000 0xbfffffff}]
configparams force-mem-access 1
targets -set -nocase -filter {name =~"APU*" && jtag_cable_name =~ "Digilent JTAG-HS1 210512180081"} -index 0
ps7_init
ps7_post_config
configparams force-mem-access 0
----------------End of Script----------------

17:30:21 INFO  : Memory regions updated for context APU
17:30:21 INFO  : Launch script is exported to file 'F:\OneDrive\Study\IC2\AES-128-with-an-Instruction-Set\verifyPlatform\vivado\vivado.sdk\.sdk\launch_scripts\xilinx_c-c++_application_(system_debugger)\system_debugger_on_local.tcl'
17:31:02 INFO  : Disconnected from the channel tcfchan#5.
17:31:03 INFO  : Connected to target on host '127.0.0.1' and port '3121'.
17:31:03 INFO  : Jtag cable 'Digilent JTAG-HS1 210512180081' is selected.
17:31:03 INFO  : 'jtag frequency' command is executed.
17:31:03 INFO  : Sourcing of 'F:/OneDrive/Study/IC2/AES-128-with-an-Instruction-Set/verifyPlatform/vivado/vivado.sdk/platform_wrapper_hw_platform_0/ps7_init.tcl' is done.
17:31:03 INFO  : Context for 'APU' is selected.
17:31:03 INFO  : System reset is completed.
17:31:06 INFO  : 'after 3000' command is executed.
17:31:06 INFO  : 'targets -set -filter {jtag_cable_name =~ "Digilent JTAG-HS1 210512180081" && level==0} -index 1' command is executed.
17:31:10 INFO  : FPGA configured successfully with bitstream "F:/OneDrive/Study/IC2/AES-128-with-an-Instruction-Set/verifyPlatform/vivado/vivado.sdk/platform_wrapper_hw_platform_0/platform_wrapper.bit"
17:31:10 INFO  : Context for 'APU' is selected.
17:31:12 INFO  : Hardware design information is loaded from 'F:/OneDrive/Study/IC2/AES-128-with-an-Instruction-Set/verifyPlatform/vivado/vivado.sdk/platform_wrapper_hw_platform_0/system.hdf'.
17:31:12 INFO  : 'configparams force-mem-access 1' command is executed.
17:31:12 INFO  : Context for 'APU' is selected.
17:31:12 INFO  : 'ps7_init' command is executed.
17:31:12 INFO  : 'ps7_post_config' command is executed.
17:31:12 INFO  : 'configparams force-mem-access 0' command is executed.
17:31:12 INFO  : ----------------XSDB Script----------------
connect -url tcp:127.0.0.1:3121
source F:/OneDrive/Study/IC2/AES-128-with-an-Instruction-Set/verifyPlatform/vivado/vivado.sdk/platform_wrapper_hw_platform_0/ps7_init.tcl
targets -set -nocase -filter {name =~"APU*" && jtag_cable_name =~ "Digilent JTAG-HS1 210512180081"} -index 0
rst -system
after 3000
targets -set -filter {jtag_cable_name =~ "Digilent JTAG-HS1 210512180081" && level==0} -index 1
fpga -file F:/OneDrive/Study/IC2/AES-128-with-an-Instruction-Set/verifyPlatform/vivado/vivado.sdk/platform_wrapper_hw_platform_0/platform_wrapper.bit
targets -set -nocase -filter {name =~"APU*" && jtag_cable_name =~ "Digilent JTAG-HS1 210512180081"} -index 0
loadhw -hw F:/OneDrive/Study/IC2/AES-128-with-an-Instruction-Set/verifyPlatform/vivado/vivado.sdk/platform_wrapper_hw_platform_0/system.hdf -mem-ranges [list {0x40000000 0xbfffffff}]
configparams force-mem-access 1
targets -set -nocase -filter {name =~"APU*" && jtag_cable_name =~ "Digilent JTAG-HS1 210512180081"} -index 0
ps7_init
ps7_post_config
configparams force-mem-access 0
----------------End of Script----------------

17:31:12 INFO  : Memory regions updated for context APU
17:31:12 INFO  : Launch script is exported to file 'F:\OneDrive\Study\IC2\AES-128-with-an-Instruction-Set\verifyPlatform\vivado\vivado.sdk\.sdk\launch_scripts\xilinx_c-c++_application_(system_debugger)\system_debugger_on_local.tcl'
17:31:42 INFO  : Disconnected from the channel tcfchan#6.
17:31:43 INFO  : Connected to target on host '127.0.0.1' and port '3121'.
17:31:43 INFO  : Jtag cable 'Digilent JTAG-HS1 210512180081' is selected.
17:31:43 INFO  : 'jtag frequency' command is executed.
17:31:43 INFO  : Sourcing of 'F:/OneDrive/Study/IC2/AES-128-with-an-Instruction-Set/verifyPlatform/vivado/vivado.sdk/platform_wrapper_hw_platform_0/ps7_init.tcl' is done.
17:31:43 INFO  : Context for 'APU' is selected.
17:31:43 INFO  : System reset is completed.
17:31:46 INFO  : 'after 3000' command is executed.
17:31:46 INFO  : 'targets -set -filter {jtag_cable_name =~ "Digilent JTAG-HS1 210512180081" && level==0} -index 1' command is executed.
17:31:50 INFO  : FPGA configured successfully with bitstream "F:/OneDrive/Study/IC2/AES-128-with-an-Instruction-Set/verifyPlatform/vivado/vivado.sdk/platform_wrapper_hw_platform_0/platform_wrapper.bit"
17:31:50 INFO  : Context for 'APU' is selected.
17:31:51 INFO  : Hardware design information is loaded from 'F:/OneDrive/Study/IC2/AES-128-with-an-Instruction-Set/verifyPlatform/vivado/vivado.sdk/platform_wrapper_hw_platform_0/system.hdf'.
17:31:51 INFO  : 'configparams force-mem-access 1' command is executed.
17:31:51 INFO  : Context for 'APU' is selected.
17:31:52 INFO  : 'ps7_init' command is executed.
17:31:52 INFO  : 'ps7_post_config' command is executed.
17:31:52 INFO  : 'configparams force-mem-access 0' command is executed.
17:31:52 INFO  : ----------------XSDB Script----------------
connect -url tcp:127.0.0.1:3121
source F:/OneDrive/Study/IC2/AES-128-with-an-Instruction-Set/verifyPlatform/vivado/vivado.sdk/platform_wrapper_hw_platform_0/ps7_init.tcl
targets -set -nocase -filter {name =~"APU*" && jtag_cable_name =~ "Digilent JTAG-HS1 210512180081"} -index 0
rst -system
after 3000
targets -set -filter {jtag_cable_name =~ "Digilent JTAG-HS1 210512180081" && level==0} -index 1
fpga -file F:/OneDrive/Study/IC2/AES-128-with-an-Instruction-Set/verifyPlatform/vivado/vivado.sdk/platform_wrapper_hw_platform_0/platform_wrapper.bit
targets -set -nocase -filter {name =~"APU*" && jtag_cable_name =~ "Digilent JTAG-HS1 210512180081"} -index 0
loadhw -hw F:/OneDrive/Study/IC2/AES-128-with-an-Instruction-Set/verifyPlatform/vivado/vivado.sdk/platform_wrapper_hw_platform_0/system.hdf -mem-ranges [list {0x40000000 0xbfffffff}]
configparams force-mem-access 1
targets -set -nocase -filter {name =~"APU*" && jtag_cable_name =~ "Digilent JTAG-HS1 210512180081"} -index 0
ps7_init
ps7_post_config
configparams force-mem-access 0
----------------End of Script----------------

17:31:52 INFO  : Memory regions updated for context APU
17:31:52 INFO  : Launch script is exported to file 'F:\OneDrive\Study\IC2\AES-128-with-an-Instruction-Set\verifyPlatform\vivado\vivado.sdk\.sdk\launch_scripts\xilinx_c-c++_application_(system_debugger)\system_debugger_on_local.tcl'
17:34:40 INFO  : Disconnected from the channel tcfchan#7.
17:34:41 INFO  : Connected to target on host '127.0.0.1' and port '3121'.
17:34:41 INFO  : Jtag cable 'Digilent JTAG-HS1 210512180081' is selected.
17:34:41 INFO  : 'jtag frequency' command is executed.
17:34:41 INFO  : Sourcing of 'F:/OneDrive/Study/IC2/AES-128-with-an-Instruction-Set/verifyPlatform/vivado/vivado.sdk/platform_wrapper_hw_platform_0/ps7_init.tcl' is done.
17:34:41 INFO  : Context for 'APU' is selected.
17:34:41 INFO  : System reset is completed.
17:34:44 INFO  : 'after 3000' command is executed.
17:34:44 INFO  : Connected to target on host '127.0.0.1' and port '3121'.
17:34:44 INFO  : Jtag cable 'Digilent JTAG-HS1 210512180081' is selected.
17:34:44 INFO  : 'jtag frequency' command is executed.
17:34:44 INFO  : Sourcing of 'F:/OneDrive/Study/IC2/AES-128-with-an-Instruction-Set/verifyPlatform/vivado/vivado.sdk/platform_wrapper_hw_platform_0/ps7_init.tcl' is done.
17:34:44 INFO  : Context for 'APU' is selected.
17:34:45 INFO  : System reset is completed.
17:34:48 INFO  : 'after 3000' command is executed.
17:34:48 INFO  : 'targets -set -filter {jtag_cable_name =~ "Digilent JTAG-HS1 210512180081" && level==0} -index 1' command is executed.
17:34:51 INFO  : FPGA configured successfully with bitstream "F:/OneDrive/Study/IC2/AES-128-with-an-Instruction-Set/verifyPlatform/vivado/vivado.sdk/platform_wrapper_hw_platform_0/platform_wrapper.bit"
17:34:51 INFO  : 'targets -set -filter {jtag_cable_name =~ "Digilent JTAG-HS1 210512180081" && level==0} -index 1' command is executed.
17:34:55 INFO  : FPGA configured successfully with bitstream "F:/OneDrive/Study/IC2/AES-128-with-an-Instruction-Set/verifyPlatform/vivado/vivado.sdk/platform_wrapper_hw_platform_0/platform_wrapper.bit"
17:34:55 INFO  : Context for 'APU' is selected.
17:34:55 INFO  : Context for 'APU' is selected.
17:34:56 INFO  : Hardware design information is loaded from 'F:/OneDrive/Study/IC2/AES-128-with-an-Instruction-Set/verifyPlatform/vivado/vivado.sdk/platform_wrapper_hw_platform_0/system.hdf'.
17:34:56 INFO  : Hardware design information is loaded from 'F:/OneDrive/Study/IC2/AES-128-with-an-Instruction-Set/verifyPlatform/vivado/vivado.sdk/platform_wrapper_hw_platform_0/system.hdf'.
17:34:56 INFO  : 'configparams force-mem-access 1' command is executed.
17:34:56 INFO  : 'configparams force-mem-access 1' command is executed.
17:34:56 INFO  : Context for 'APU' is selected.
17:34:56 INFO  : Context for 'APU' is selected.
17:34:57 INFO  : 'ps7_init' command is executed.
17:34:57 INFO  : 'ps7_init' command is executed.
17:34:57 INFO  : 'ps7_post_config' command is executed.
17:34:57 INFO  : 'ps7_post_config' command is executed.
17:34:57 INFO  : 'configparams force-mem-access 0' command is executed.
17:34:57 INFO  : ----------------XSDB Script----------------
connect -url tcp:127.0.0.1:3121
source F:/OneDrive/Study/IC2/AES-128-with-an-Instruction-Set/verifyPlatform/vivado/vivado.sdk/platform_wrapper_hw_platform_0/ps7_init.tcl
targets -set -nocase -filter {name =~"APU*" && jtag_cable_name =~ "Digilent JTAG-HS1 210512180081"} -index 0
rst -system
after 3000
targets -set -filter {jtag_cable_name =~ "Digilent JTAG-HS1 210512180081" && level==0} -index 1
fpga -file F:/OneDrive/Study/IC2/AES-128-with-an-Instruction-Set/verifyPlatform/vivado/vivado.sdk/platform_wrapper_hw_platform_0/platform_wrapper.bit
targets -set -nocase -filter {name =~"APU*" && jtag_cable_name =~ "Digilent JTAG-HS1 210512180081"} -index 0
loadhw -hw F:/OneDrive/Study/IC2/AES-128-with-an-Instruction-Set/verifyPlatform/vivado/vivado.sdk/platform_wrapper_hw_platform_0/system.hdf -mem-ranges [list {0x40000000 0xbfffffff}]
configparams force-mem-access 1
targets -set -nocase -filter {name =~"APU*" && jtag_cable_name =~ "Digilent JTAG-HS1 210512180081"} -index 0
ps7_init
ps7_post_config
configparams force-mem-access 0
----------------End of Script----------------

17:34:57 INFO  : 'configparams force-mem-access 0' command is executed.
17:34:57 INFO  : ----------------XSDB Script----------------
connect -url tcp:127.0.0.1:3121
source F:/OneDrive/Study/IC2/AES-128-with-an-Instruction-Set/verifyPlatform/vivado/vivado.sdk/platform_wrapper_hw_platform_0/ps7_init.tcl
targets -set -nocase -filter {name =~"APU*" && jtag_cable_name =~ "Digilent JTAG-HS1 210512180081"} -index 0
rst -system
after 3000
targets -set -filter {jtag_cable_name =~ "Digilent JTAG-HS1 210512180081" && level==0} -index 1
fpga -file F:/OneDrive/Study/IC2/AES-128-with-an-Instruction-Set/verifyPlatform/vivado/vivado.sdk/platform_wrapper_hw_platform_0/platform_wrapper.bit
targets -set -nocase -filter {name =~"APU*" && jtag_cable_name =~ "Digilent JTAG-HS1 210512180081"} -index 0
loadhw -hw F:/OneDrive/Study/IC2/AES-128-with-an-Instruction-Set/verifyPlatform/vivado/vivado.sdk/platform_wrapper_hw_platform_0/system.hdf -mem-ranges [list {0x40000000 0xbfffffff}]
configparams force-mem-access 1
targets -set -nocase -filter {name =~"APU*" && jtag_cable_name =~ "Digilent JTAG-HS1 210512180081"} -index 0
ps7_init
ps7_post_config
configparams force-mem-access 0
----------------End of Script----------------

17:34:57 INFO  : Memory regions updated for context APU
17:34:57 INFO  : Launch script is exported to file 'F:\OneDrive\Study\IC2\AES-128-with-an-Instruction-Set\verifyPlatform\vivado\vivado.sdk\.sdk\launch_scripts\xilinx_c-c++_application_(system_debugger)\system_debugger_on_local.tcl'
17:34:57 INFO  : Memory regions updated for context APU
17:34:57 INFO  : Launch script is exported to file 'F:\OneDrive\Study\IC2\AES-128-with-an-Instruction-Set\verifyPlatform\vivado\vivado.sdk\.sdk\launch_scripts\xilinx_c-c++_application_(system_debugger)\system_debugger_on_local.tcl'
17:37:58 INFO  : Disconnected from the channel tcfchan#8.
17:37:59 INFO  : Connected to target on host '127.0.0.1' and port '3121'.
17:37:59 INFO  : Jtag cable 'Digilent JTAG-HS1 210512180081' is selected.
17:37:59 INFO  : 'jtag frequency' command is executed.
17:37:59 INFO  : Sourcing of 'F:/OneDrive/Study/IC2/AES-128-with-an-Instruction-Set/verifyPlatform/vivado/vivado.sdk/platform_wrapper_hw_platform_0/ps7_init.tcl' is done.
17:37:59 INFO  : Context for 'APU' is selected.
17:37:59 INFO  : System reset is completed.
17:38:02 INFO  : 'after 3000' command is executed.
17:38:02 INFO  : 'targets -set -filter {jtag_cable_name =~ "Digilent JTAG-HS1 210512180081" && level==0} -index 1' command is executed.
17:38:06 INFO  : FPGA configured successfully with bitstream "F:/OneDrive/Study/IC2/AES-128-with-an-Instruction-Set/verifyPlatform/vivado/vivado.sdk/platform_wrapper_hw_platform_0/platform_wrapper.bit"
17:38:06 INFO  : Context for 'APU' is selected.
17:38:07 INFO  : Hardware design information is loaded from 'F:/OneDrive/Study/IC2/AES-128-with-an-Instruction-Set/verifyPlatform/vivado/vivado.sdk/platform_wrapper_hw_platform_0/system.hdf'.
17:38:07 INFO  : 'configparams force-mem-access 1' command is executed.
17:38:07 INFO  : Context for 'APU' is selected.
17:38:08 INFO  : 'ps7_init' command is executed.
17:38:08 INFO  : 'ps7_post_config' command is executed.
17:38:08 INFO  : 'configparams force-mem-access 0' command is executed.
17:38:08 INFO  : ----------------XSDB Script----------------
connect -url tcp:127.0.0.1:3121
source F:/OneDrive/Study/IC2/AES-128-with-an-Instruction-Set/verifyPlatform/vivado/vivado.sdk/platform_wrapper_hw_platform_0/ps7_init.tcl
targets -set -nocase -filter {name =~"APU*" && jtag_cable_name =~ "Digilent JTAG-HS1 210512180081"} -index 0
rst -system
after 3000
targets -set -filter {jtag_cable_name =~ "Digilent JTAG-HS1 210512180081" && level==0} -index 1
fpga -file F:/OneDrive/Study/IC2/AES-128-with-an-Instruction-Set/verifyPlatform/vivado/vivado.sdk/platform_wrapper_hw_platform_0/platform_wrapper.bit
targets -set -nocase -filter {name =~"APU*" && jtag_cable_name =~ "Digilent JTAG-HS1 210512180081"} -index 0
loadhw -hw F:/OneDrive/Study/IC2/AES-128-with-an-Instruction-Set/verifyPlatform/vivado/vivado.sdk/platform_wrapper_hw_platform_0/system.hdf -mem-ranges [list {0x40000000 0xbfffffff}]
configparams force-mem-access 1
targets -set -nocase -filter {name =~"APU*" && jtag_cable_name =~ "Digilent JTAG-HS1 210512180081"} -index 0
ps7_init
ps7_post_config
configparams force-mem-access 0
----------------End of Script----------------

17:38:08 INFO  : Memory regions updated for context APU
17:38:08 INFO  : Launch script is exported to file 'F:\OneDrive\Study\IC2\AES-128-with-an-Instruction-Set\verifyPlatform\vivado\vivado.sdk\.sdk\launch_scripts\xilinx_c-c++_application_(system_debugger)\system_debugger_on_local.tcl'
17:40:26 INFO  : Disconnected from the channel tcfchan#9.
17:40:27 INFO  : Connected to target on host '127.0.0.1' and port '3121'.
17:40:27 INFO  : Jtag cable 'Digilent JTAG-HS1 210512180081' is selected.
17:40:27 INFO  : 'jtag frequency' command is executed.
17:40:27 INFO  : Sourcing of 'F:/OneDrive/Study/IC2/AES-128-with-an-Instruction-Set/verifyPlatform/vivado/vivado.sdk/platform_wrapper_hw_platform_0/ps7_init.tcl' is done.
17:40:27 INFO  : Context for 'APU' is selected.
17:40:27 INFO  : System reset is completed.
17:40:30 INFO  : 'after 3000' command is executed.
17:40:30 INFO  : 'targets -set -filter {jtag_cable_name =~ "Digilent JTAG-HS1 210512180081" && level==0} -index 1' command is executed.
17:40:34 INFO  : FPGA configured successfully with bitstream "F:/OneDrive/Study/IC2/AES-128-with-an-Instruction-Set/verifyPlatform/vivado/vivado.sdk/platform_wrapper_hw_platform_0/platform_wrapper.bit"
17:40:34 INFO  : Context for 'APU' is selected.
17:40:35 INFO  : Hardware design information is loaded from 'F:/OneDrive/Study/IC2/AES-128-with-an-Instruction-Set/verifyPlatform/vivado/vivado.sdk/platform_wrapper_hw_platform_0/system.hdf'.
17:40:35 INFO  : 'configparams force-mem-access 1' command is executed.
17:40:35 INFO  : Context for 'APU' is selected.
17:40:36 INFO  : 'ps7_init' command is executed.
17:40:36 INFO  : 'ps7_post_config' command is executed.
17:40:36 INFO  : 'configparams force-mem-access 0' command is executed.
17:40:36 INFO  : ----------------XSDB Script----------------
connect -url tcp:127.0.0.1:3121
source F:/OneDrive/Study/IC2/AES-128-with-an-Instruction-Set/verifyPlatform/vivado/vivado.sdk/platform_wrapper_hw_platform_0/ps7_init.tcl
targets -set -nocase -filter {name =~"APU*" && jtag_cable_name =~ "Digilent JTAG-HS1 210512180081"} -index 0
rst -system
after 3000
targets -set -filter {jtag_cable_name =~ "Digilent JTAG-HS1 210512180081" && level==0} -index 1
fpga -file F:/OneDrive/Study/IC2/AES-128-with-an-Instruction-Set/verifyPlatform/vivado/vivado.sdk/platform_wrapper_hw_platform_0/platform_wrapper.bit
targets -set -nocase -filter {name =~"APU*" && jtag_cable_name =~ "Digilent JTAG-HS1 210512180081"} -index 0
loadhw -hw F:/OneDrive/Study/IC2/AES-128-with-an-Instruction-Set/verifyPlatform/vivado/vivado.sdk/platform_wrapper_hw_platform_0/system.hdf -mem-ranges [list {0x40000000 0xbfffffff}]
configparams force-mem-access 1
targets -set -nocase -filter {name =~"APU*" && jtag_cable_name =~ "Digilent JTAG-HS1 210512180081"} -index 0
ps7_init
ps7_post_config
configparams force-mem-access 0
----------------End of Script----------------

17:40:36 INFO  : Memory regions updated for context APU
17:40:36 INFO  : Launch script is exported to file 'F:\OneDrive\Study\IC2\AES-128-with-an-Instruction-Set\verifyPlatform\vivado\vivado.sdk\.sdk\launch_scripts\xilinx_c-c++_application_(system_debugger)\system_debugger_on_local.tcl'
17:48:53 INFO  : Disconnected from the channel tcfchan#10.
17:48:54 INFO  : Connected to target on host '127.0.0.1' and port '3121'.
17:48:54 INFO  : Jtag cable 'Digilent JTAG-HS1 210512180081' is selected.
17:48:54 INFO  : 'jtag frequency' command is executed.
17:48:54 INFO  : Sourcing of 'F:/OneDrive/Study/IC2/AES-128-with-an-Instruction-Set/verifyPlatform/vivado/vivado.sdk/platform_wrapper_hw_platform_0/ps7_init.tcl' is done.
17:48:54 INFO  : Context for 'APU' is selected.
17:48:54 INFO  : System reset is completed.
17:48:58 INFO  : 'after 3000' command is executed.
17:48:58 INFO  : 'targets -set -filter {jtag_cable_name =~ "Digilent JTAG-HS1 210512180081" && level==0} -index 1' command is executed.
17:49:01 INFO  : FPGA configured successfully with bitstream "F:/OneDrive/Study/IC2/AES-128-with-an-Instruction-Set/verifyPlatform/vivado/vivado.sdk/platform_wrapper_hw_platform_0/platform_wrapper.bit"
17:49:01 INFO  : Context for 'APU' is selected.
17:49:03 INFO  : Hardware design information is loaded from 'F:/OneDrive/Study/IC2/AES-128-with-an-Instruction-Set/verifyPlatform/vivado/vivado.sdk/platform_wrapper_hw_platform_0/system.hdf'.
17:49:03 INFO  : 'configparams force-mem-access 1' command is executed.
17:49:03 INFO  : Context for 'APU' is selected.
17:49:03 INFO  : 'ps7_init' command is executed.
17:49:03 INFO  : 'ps7_post_config' command is executed.
17:49:03 INFO  : 'configparams force-mem-access 0' command is executed.
17:49:03 INFO  : ----------------XSDB Script----------------
connect -url tcp:127.0.0.1:3121
source F:/OneDrive/Study/IC2/AES-128-with-an-Instruction-Set/verifyPlatform/vivado/vivado.sdk/platform_wrapper_hw_platform_0/ps7_init.tcl
targets -set -nocase -filter {name =~"APU*" && jtag_cable_name =~ "Digilent JTAG-HS1 210512180081"} -index 0
rst -system
after 3000
targets -set -filter {jtag_cable_name =~ "Digilent JTAG-HS1 210512180081" && level==0} -index 1
fpga -file F:/OneDrive/Study/IC2/AES-128-with-an-Instruction-Set/verifyPlatform/vivado/vivado.sdk/platform_wrapper_hw_platform_0/platform_wrapper.bit
targets -set -nocase -filter {name =~"APU*" && jtag_cable_name =~ "Digilent JTAG-HS1 210512180081"} -index 0
loadhw -hw F:/OneDrive/Study/IC2/AES-128-with-an-Instruction-Set/verifyPlatform/vivado/vivado.sdk/platform_wrapper_hw_platform_0/system.hdf -mem-ranges [list {0x40000000 0xbfffffff}]
configparams force-mem-access 1
targets -set -nocase -filter {name =~"APU*" && jtag_cable_name =~ "Digilent JTAG-HS1 210512180081"} -index 0
ps7_init
ps7_post_config
configparams force-mem-access 0
----------------End of Script----------------

17:49:03 INFO  : Memory regions updated for context APU
17:49:03 INFO  : Launch script is exported to file 'F:\OneDrive\Study\IC2\AES-128-with-an-Instruction-Set\verifyPlatform\vivado\vivado.sdk\.sdk\launch_scripts\xilinx_c-c++_application_(system_debugger)\system_debugger_on_local.tcl'
17:50:19 INFO  : Disconnected from the channel tcfchan#11.
17:50:20 INFO  : Connected to target on host '127.0.0.1' and port '3121'.
17:50:20 INFO  : Jtag cable 'Digilent JTAG-HS1 210512180081' is selected.
17:50:20 INFO  : 'jtag frequency' command is executed.
17:50:20 INFO  : Sourcing of 'F:/OneDrive/Study/IC2/AES-128-with-an-Instruction-Set/verifyPlatform/vivado/vivado.sdk/platform_wrapper_hw_platform_0/ps7_init.tcl' is done.
17:50:20 INFO  : Context for 'APU' is selected.
17:50:20 INFO  : System reset is completed.
17:50:23 INFO  : 'after 3000' command is executed.
17:50:23 INFO  : 'targets -set -filter {jtag_cable_name =~ "Digilent JTAG-HS1 210512180081" && level==0} -index 1' command is executed.
17:50:27 INFO  : FPGA configured successfully with bitstream "F:/OneDrive/Study/IC2/AES-128-with-an-Instruction-Set/verifyPlatform/vivado/vivado.sdk/platform_wrapper_hw_platform_0/platform_wrapper.bit"
17:50:27 INFO  : Context for 'APU' is selected.
17:50:28 INFO  : Hardware design information is loaded from 'F:/OneDrive/Study/IC2/AES-128-with-an-Instruction-Set/verifyPlatform/vivado/vivado.sdk/platform_wrapper_hw_platform_0/system.hdf'.
17:50:28 INFO  : 'configparams force-mem-access 1' command is executed.
17:50:29 INFO  : Context for 'APU' is selected.
17:50:29 INFO  : 'ps7_init' command is executed.
17:50:29 INFO  : 'ps7_post_config' command is executed.
17:50:29 INFO  : 'configparams force-mem-access 0' command is executed.
17:50:29 INFO  : ----------------XSDB Script----------------
connect -url tcp:127.0.0.1:3121
source F:/OneDrive/Study/IC2/AES-128-with-an-Instruction-Set/verifyPlatform/vivado/vivado.sdk/platform_wrapper_hw_platform_0/ps7_init.tcl
targets -set -nocase -filter {name =~"APU*" && jtag_cable_name =~ "Digilent JTAG-HS1 210512180081"} -index 0
rst -system
after 3000
targets -set -filter {jtag_cable_name =~ "Digilent JTAG-HS1 210512180081" && level==0} -index 1
fpga -file F:/OneDrive/Study/IC2/AES-128-with-an-Instruction-Set/verifyPlatform/vivado/vivado.sdk/platform_wrapper_hw_platform_0/platform_wrapper.bit
targets -set -nocase -filter {name =~"APU*" && jtag_cable_name =~ "Digilent JTAG-HS1 210512180081"} -index 0
loadhw -hw F:/OneDrive/Study/IC2/AES-128-with-an-Instruction-Set/verifyPlatform/vivado/vivado.sdk/platform_wrapper_hw_platform_0/system.hdf -mem-ranges [list {0x40000000 0xbfffffff}]
configparams force-mem-access 1
targets -set -nocase -filter {name =~"APU*" && jtag_cable_name =~ "Digilent JTAG-HS1 210512180081"} -index 0
ps7_init
ps7_post_config
configparams force-mem-access 0
----------------End of Script----------------

17:50:29 INFO  : Memory regions updated for context APU
17:50:29 INFO  : Launch script is exported to file 'F:\OneDrive\Study\IC2\AES-128-with-an-Instruction-Set\verifyPlatform\vivado\vivado.sdk\.sdk\launch_scripts\xilinx_c-c++_application_(system_debugger)\system_debugger_on_local.tcl'
17:50:51 INFO  : Disconnected from the channel tcfchan#12.
17:50:52 INFO  : Connected to target on host '127.0.0.1' and port '3121'.
17:50:53 INFO  : Jtag cable 'Digilent JTAG-HS1 210512180081' is selected.
17:50:53 INFO  : 'jtag frequency' command is executed.
17:50:53 INFO  : Sourcing of 'F:/OneDrive/Study/IC2/AES-128-with-an-Instruction-Set/verifyPlatform/vivado/vivado.sdk/platform_wrapper_hw_platform_0/ps7_init.tcl' is done.
17:50:53 INFO  : Context for 'APU' is selected.
17:50:53 INFO  : System reset is completed.
17:50:56 INFO  : 'after 3000' command is executed.
17:50:56 INFO  : 'targets -set -filter {jtag_cable_name =~ "Digilent JTAG-HS1 210512180081" && level==0} -index 1' command is executed.
17:50:59 INFO  : FPGA configured successfully with bitstream "F:/OneDrive/Study/IC2/AES-128-with-an-Instruction-Set/verifyPlatform/vivado/vivado.sdk/platform_wrapper_hw_platform_0/platform_wrapper.bit"
17:51:00 INFO  : Context for 'APU' is selected.
17:51:01 INFO  : Hardware design information is loaded from 'F:/OneDrive/Study/IC2/AES-128-with-an-Instruction-Set/verifyPlatform/vivado/vivado.sdk/platform_wrapper_hw_platform_0/system.hdf'.
17:51:01 INFO  : 'configparams force-mem-access 1' command is executed.
17:51:01 INFO  : Context for 'APU' is selected.
17:51:02 INFO  : 'ps7_init' command is executed.
17:51:02 INFO  : 'ps7_post_config' command is executed.
17:51:02 INFO  : 'configparams force-mem-access 0' command is executed.
17:51:02 INFO  : ----------------XSDB Script----------------
connect -url tcp:127.0.0.1:3121
source F:/OneDrive/Study/IC2/AES-128-with-an-Instruction-Set/verifyPlatform/vivado/vivado.sdk/platform_wrapper_hw_platform_0/ps7_init.tcl
targets -set -nocase -filter {name =~"APU*" && jtag_cable_name =~ "Digilent JTAG-HS1 210512180081"} -index 0
rst -system
after 3000
targets -set -filter {jtag_cable_name =~ "Digilent JTAG-HS1 210512180081" && level==0} -index 1
fpga -file F:/OneDrive/Study/IC2/AES-128-with-an-Instruction-Set/verifyPlatform/vivado/vivado.sdk/platform_wrapper_hw_platform_0/platform_wrapper.bit
targets -set -nocase -filter {name =~"APU*" && jtag_cable_name =~ "Digilent JTAG-HS1 210512180081"} -index 0
loadhw -hw F:/OneDrive/Study/IC2/AES-128-with-an-Instruction-Set/verifyPlatform/vivado/vivado.sdk/platform_wrapper_hw_platform_0/system.hdf -mem-ranges [list {0x40000000 0xbfffffff}]
configparams force-mem-access 1
targets -set -nocase -filter {name =~"APU*" && jtag_cable_name =~ "Digilent JTAG-HS1 210512180081"} -index 0
ps7_init
ps7_post_config
configparams force-mem-access 0
----------------End of Script----------------

17:51:02 INFO  : Memory regions updated for context APU
17:51:02 INFO  : Launch script is exported to file 'F:\OneDrive\Study\IC2\AES-128-with-an-Instruction-Set\verifyPlatform\vivado\vivado.sdk\.sdk\launch_scripts\xilinx_c-c++_application_(system_debugger)\system_debugger_on_local.tcl'
17:53:01 INFO  : Disconnected from the channel tcfchan#13.
17:53:03 INFO  : 'targets -set -filter {jtag_cable_name =~ "Digilent JTAG-HS1 210512180081" && level==0} -index 1' command is executed.
17:53:03 INFO  : 'fpga -state' command is executed.
17:53:03 INFO  : Connected to target on host '127.0.0.1' and port '3121'.
17:53:03 INFO  : Jtag cable 'Digilent JTAG-HS1 210512180081' is selected.
17:53:03 INFO  : 'jtag frequency' command is executed.
17:53:03 INFO  : Sourcing of 'F:/OneDrive/Study/IC2/AES-128-with-an-Instruction-Set/verifyPlatform/vivado/vivado.sdk/platform_wrapper_hw_platform_0/ps7_init.tcl' is done.
17:53:03 INFO  : Context for 'APU' is selected.
17:53:05 INFO  : Hardware design information is loaded from 'F:/OneDrive/Study/IC2/AES-128-with-an-Instruction-Set/verifyPlatform/vivado/vivado.sdk/platform_wrapper_hw_platform_0/system.hdf'.
17:53:05 INFO  : 'configparams force-mem-access 1' command is executed.
17:53:05 INFO  : Context for 'APU' is selected.
17:53:05 INFO  : 'stop' command is executed.
17:53:05 INFO  : 'ps7_init' command is executed.
17:53:05 INFO  : 'ps7_post_config' command is executed.
17:53:05 INFO  : Context for processor 'ps7_cortexa9_0' is selected.
17:53:05 INFO  : Processor reset is completed for 'ps7_cortexa9_0'.
17:53:05 INFO  : Context for processor 'ps7_cortexa9_0' is selected.
17:53:05 INFO  : The application 'F:/OneDrive/Study/IC2/AES-128-with-an-Instruction-Set/verifyPlatform/vivado/vivado.sdk/verify/Debug/verify.elf' is downloaded to processor 'ps7_cortexa9_0'.
17:53:05 INFO  : 'configparams force-mem-access 0' command is executed.
17:53:05 INFO  : ----------------XSDB Script----------------
connect -url tcp:127.0.0.1:3121
source F:/OneDrive/Study/IC2/AES-128-with-an-Instruction-Set/verifyPlatform/vivado/vivado.sdk/platform_wrapper_hw_platform_0/ps7_init.tcl
targets -set -nocase -filter {name =~"APU*" && jtag_cable_name =~ "Digilent JTAG-HS1 210512180081"} -index 0
loadhw -hw F:/OneDrive/Study/IC2/AES-128-with-an-Instruction-Set/verifyPlatform/vivado/vivado.sdk/platform_wrapper_hw_platform_0/system.hdf -mem-ranges [list {0x40000000 0xbfffffff}]
configparams force-mem-access 1
targets -set -nocase -filter {name =~"APU*" && jtag_cable_name =~ "Digilent JTAG-HS1 210512180081"} -index 0
stop
ps7_init
ps7_post_config
targets -set -nocase -filter {name =~ "ARM*#0" && jtag_cable_name =~ "Digilent JTAG-HS1 210512180081"} -index 0
rst -processor
targets -set -nocase -filter {name =~ "ARM*#0" && jtag_cable_name =~ "Digilent JTAG-HS1 210512180081"} -index 0
dow F:/OneDrive/Study/IC2/AES-128-with-an-Instruction-Set/verifyPlatform/vivado/vivado.sdk/verify/Debug/verify.elf
configparams force-mem-access 0
----------------End of Script----------------

17:53:06 INFO  : Memory regions updated for context APU
17:53:06 INFO  : Context for processor 'ps7_cortexa9_0' is selected.
17:53:06 INFO  : 'con' command is executed.
17:53:06 INFO  : ----------------XSDB Script (After Launch)----------------
targets -set -nocase -filter {name =~ "ARM*#0" && jtag_cable_name =~ "Digilent JTAG-HS1 210512180081"} -index 0
con
----------------End of Script----------------

17:53:06 INFO  : Launch script is exported to file 'F:\OneDrive\Study\IC2\AES-128-with-an-Instruction-Set\verifyPlatform\vivado\vivado.sdk\.sdk\launch_scripts\xilinx_c-c++_application_(system_debugger)\system_debugger_using_debug_verify.elf_on_local.tcl'
17:58:08 INFO  : Disconnected from the channel tcfchan#14.
17:58:09 INFO  : 'targets -set -filter {jtag_cable_name =~ "Digilent JTAG-HS1 210512180081" && level==0} -index 1' command is executed.
17:58:09 INFO  : 'fpga -state' command is executed.
17:58:09 INFO  : Connected to target on host '127.0.0.1' and port '3121'.
17:58:09 INFO  : Jtag cable 'Digilent JTAG-HS1 210512180081' is selected.
17:58:09 INFO  : 'jtag frequency' command is executed.
17:58:09 INFO  : Sourcing of 'F:/OneDrive/Study/IC2/AES-128-with-an-Instruction-Set/verifyPlatform/vivado/vivado.sdk/platform_wrapper_hw_platform_0/ps7_init.tcl' is done.
17:58:09 INFO  : Context for 'APU' is selected.
17:58:10 INFO  : Hardware design information is loaded from 'F:/OneDrive/Study/IC2/AES-128-with-an-Instruction-Set/verifyPlatform/vivado/vivado.sdk/platform_wrapper_hw_platform_0/system.hdf'.
17:58:10 INFO  : 'configparams force-mem-access 1' command is executed.
17:58:11 INFO  : Context for 'APU' is selected.
17:58:11 INFO  : 'stop' command is executed.
17:58:11 INFO  : 'ps7_init' command is executed.
17:58:11 INFO  : 'ps7_post_config' command is executed.
17:58:11 INFO  : Context for processor 'ps7_cortexa9_0' is selected.
17:58:11 INFO  : Processor reset is completed for 'ps7_cortexa9_0'.
17:58:11 INFO  : Context for processor 'ps7_cortexa9_0' is selected.
17:58:11 INFO  : The application 'F:/OneDrive/Study/IC2/AES-128-with-an-Instruction-Set/verifyPlatform/vivado/vivado.sdk/verify/Debug/verify.elf' is downloaded to processor 'ps7_cortexa9_0'.
17:58:11 INFO  : 'configparams force-mem-access 0' command is executed.
17:58:11 INFO  : ----------------XSDB Script----------------
connect -url tcp:127.0.0.1:3121
source F:/OneDrive/Study/IC2/AES-128-with-an-Instruction-Set/verifyPlatform/vivado/vivado.sdk/platform_wrapper_hw_platform_0/ps7_init.tcl
targets -set -nocase -filter {name =~"APU*" && jtag_cable_name =~ "Digilent JTAG-HS1 210512180081"} -index 0
loadhw -hw F:/OneDrive/Study/IC2/AES-128-with-an-Instruction-Set/verifyPlatform/vivado/vivado.sdk/platform_wrapper_hw_platform_0/system.hdf -mem-ranges [list {0x40000000 0xbfffffff}]
configparams force-mem-access 1
targets -set -nocase -filter {name =~"APU*" && jtag_cable_name =~ "Digilent JTAG-HS1 210512180081"} -index 0
stop
ps7_init
ps7_post_config
targets -set -nocase -filter {name =~ "ARM*#0" && jtag_cable_name =~ "Digilent JTAG-HS1 210512180081"} -index 0
rst -processor
targets -set -nocase -filter {name =~ "ARM*#0" && jtag_cable_name =~ "Digilent JTAG-HS1 210512180081"} -index 0
dow F:/OneDrive/Study/IC2/AES-128-with-an-Instruction-Set/verifyPlatform/vivado/vivado.sdk/verify/Debug/verify.elf
configparams force-mem-access 0
----------------End of Script----------------

17:58:11 INFO  : Memory regions updated for context APU
17:58:11 INFO  : Context for processor 'ps7_cortexa9_0' is selected.
17:58:11 INFO  : 'con' command is executed.
17:58:11 INFO  : ----------------XSDB Script (After Launch)----------------
targets -set -nocase -filter {name =~ "ARM*#0" && jtag_cable_name =~ "Digilent JTAG-HS1 210512180081"} -index 0
con
----------------End of Script----------------

17:58:11 INFO  : Launch script is exported to file 'F:\OneDrive\Study\IC2\AES-128-with-an-Instruction-Set\verifyPlatform\vivado\vivado.sdk\.sdk\launch_scripts\xilinx_c-c++_application_(system_debugger)\system_debugger_using_debug_verify.elf_on_local.tcl'
18:00:28 INFO  : Disconnected from the channel tcfchan#15.
18:00:29 INFO  : 'targets -set -filter {jtag_cable_name =~ "Digilent JTAG-HS1 210512180081" && level==0} -index 1' command is executed.
18:00:29 INFO  : 'fpga -state' command is executed.
18:00:39 INFO  : Connected to target on host '127.0.0.1' and port '3121'.
18:00:39 INFO  : Jtag cable 'Digilent JTAG-HS1 210512180081' is selected.
18:00:39 INFO  : 'jtag frequency' command is executed.
18:00:39 INFO  : Sourcing of 'F:/OneDrive/Study/IC2/AES-128-with-an-Instruction-Set/verifyPlatform/vivado/vivado.sdk/platform_wrapper_hw_platform_0/ps7_init.tcl' is done.
18:00:39 INFO  : Context for 'APU' is selected.
18:00:41 INFO  : Hardware design information is loaded from 'F:/OneDrive/Study/IC2/AES-128-with-an-Instruction-Set/verifyPlatform/vivado/vivado.sdk/platform_wrapper_hw_platform_0/system.hdf'.
18:00:41 INFO  : 'configparams force-mem-access 1' command is executed.
18:00:41 INFO  : Context for 'APU' is selected.
18:00:41 INFO  : 'stop' command is executed.
18:00:41 INFO  : 'ps7_init' command is executed.
18:00:41 INFO  : 'ps7_post_config' command is executed.
18:00:41 INFO  : Context for processor 'ps7_cortexa9_0' is selected.
18:00:41 INFO  : Processor reset is completed for 'ps7_cortexa9_0'.
18:00:41 INFO  : Context for processor 'ps7_cortexa9_0' is selected.
18:00:42 INFO  : The application 'F:/OneDrive/Study/IC2/AES-128-with-an-Instruction-Set/verifyPlatform/vivado/vivado.sdk/verify/Debug/verify.elf' is downloaded to processor 'ps7_cortexa9_0'.
18:00:42 INFO  : 'configparams force-mem-access 0' command is executed.
18:00:42 INFO  : ----------------XSDB Script----------------
connect -url tcp:127.0.0.1:3121
source F:/OneDrive/Study/IC2/AES-128-with-an-Instruction-Set/verifyPlatform/vivado/vivado.sdk/platform_wrapper_hw_platform_0/ps7_init.tcl
targets -set -nocase -filter {name =~"APU*" && jtag_cable_name =~ "Digilent JTAG-HS1 210512180081"} -index 0
loadhw -hw F:/OneDrive/Study/IC2/AES-128-with-an-Instruction-Set/verifyPlatform/vivado/vivado.sdk/platform_wrapper_hw_platform_0/system.hdf -mem-ranges [list {0x40000000 0xbfffffff}]
configparams force-mem-access 1
targets -set -nocase -filter {name =~"APU*" && jtag_cable_name =~ "Digilent JTAG-HS1 210512180081"} -index 0
stop
ps7_init
ps7_post_config
targets -set -nocase -filter {name =~ "ARM*#0" && jtag_cable_name =~ "Digilent JTAG-HS1 210512180081"} -index 0
rst -processor
targets -set -nocase -filter {name =~ "ARM*#0" && jtag_cable_name =~ "Digilent JTAG-HS1 210512180081"} -index 0
dow F:/OneDrive/Study/IC2/AES-128-with-an-Instruction-Set/verifyPlatform/vivado/vivado.sdk/verify/Debug/verify.elf
configparams force-mem-access 0
----------------End of Script----------------

18:00:42 INFO  : Memory regions updated for context APU
18:00:42 INFO  : Context for processor 'ps7_cortexa9_0' is selected.
18:00:42 INFO  : 'con' command is executed.
18:00:42 INFO  : ----------------XSDB Script (After Launch)----------------
targets -set -nocase -filter {name =~ "ARM*#0" && jtag_cable_name =~ "Digilent JTAG-HS1 210512180081"} -index 0
con
----------------End of Script----------------

18:00:42 INFO  : Launch script is exported to file 'F:\OneDrive\Study\IC2\AES-128-with-an-Instruction-Set\verifyPlatform\vivado\vivado.sdk\.sdk\launch_scripts\xilinx_c-c++_application_(system_debugger)\system_debugger_using_debug_verify.elf_on_local.tcl'
18:03:20 INFO  : Disconnected from the channel tcfchan#16.
18:03:21 INFO  : Connected to target on host '127.0.0.1' and port '3121'.
18:03:21 INFO  : Jtag cable 'Digilent JTAG-HS1 210512180081' is selected.
18:03:21 INFO  : 'jtag frequency' command is executed.
18:03:21 INFO  : Sourcing of 'F:/OneDrive/Study/IC2/AES-128-with-an-Instruction-Set/verifyPlatform/vivado/vivado.sdk/platform_wrapper_hw_platform_0/ps7_init.tcl' is done.
18:03:21 INFO  : Context for 'APU' is selected.
18:03:21 INFO  : System reset is completed.
18:03:24 INFO  : 'after 3000' command is executed.
18:03:24 INFO  : 'targets -set -filter {jtag_cable_name =~ "Digilent JTAG-HS1 210512180081" && level==0} -index 1' command is executed.
18:03:28 INFO  : FPGA configured successfully with bitstream "F:/OneDrive/Study/IC2/AES-128-with-an-Instruction-Set/verifyPlatform/vivado/vivado.sdk/platform_wrapper_hw_platform_0/platform_wrapper.bit"
18:03:28 INFO  : Context for 'APU' is selected.
18:03:30 INFO  : Hardware design information is loaded from 'F:/OneDrive/Study/IC2/AES-128-with-an-Instruction-Set/verifyPlatform/vivado/vivado.sdk/platform_wrapper_hw_platform_0/system.hdf'.
18:03:30 INFO  : 'configparams force-mem-access 1' command is executed.
18:03:30 INFO  : Context for 'APU' is selected.
18:03:30 INFO  : 'ps7_init' command is executed.
18:03:30 INFO  : 'ps7_post_config' command is executed.
18:03:30 INFO  : 'configparams force-mem-access 0' command is executed.
18:03:30 INFO  : ----------------XSDB Script----------------
connect -url tcp:127.0.0.1:3121
source F:/OneDrive/Study/IC2/AES-128-with-an-Instruction-Set/verifyPlatform/vivado/vivado.sdk/platform_wrapper_hw_platform_0/ps7_init.tcl
targets -set -nocase -filter {name =~"APU*" && jtag_cable_name =~ "Digilent JTAG-HS1 210512180081"} -index 0
rst -system
after 3000
targets -set -filter {jtag_cable_name =~ "Digilent JTAG-HS1 210512180081" && level==0} -index 1
fpga -file F:/OneDrive/Study/IC2/AES-128-with-an-Instruction-Set/verifyPlatform/vivado/vivado.sdk/platform_wrapper_hw_platform_0/platform_wrapper.bit
targets -set -nocase -filter {name =~"APU*" && jtag_cable_name =~ "Digilent JTAG-HS1 210512180081"} -index 0
loadhw -hw F:/OneDrive/Study/IC2/AES-128-with-an-Instruction-Set/verifyPlatform/vivado/vivado.sdk/platform_wrapper_hw_platform_0/system.hdf -mem-ranges [list {0x40000000 0xbfffffff}]
configparams force-mem-access 1
targets -set -nocase -filter {name =~"APU*" && jtag_cable_name =~ "Digilent JTAG-HS1 210512180081"} -index 0
ps7_init
ps7_post_config
configparams force-mem-access 0
----------------End of Script----------------

18:03:30 INFO  : Memory regions updated for context APU
18:03:30 INFO  : Launch script is exported to file 'F:\OneDrive\Study\IC2\AES-128-with-an-Instruction-Set\verifyPlatform\vivado\vivado.sdk\.sdk\launch_scripts\xilinx_c-c++_application_(system_debugger)\system_debugger_on_local.tcl'
18:04:20 INFO  : 'targets -set -filter {jtag_cable_name =~ "Digilent JTAG-HS1 210512180081" && level==0} -index 1' command is executed.
18:04:20 INFO  : 'fpga -state' command is executed.
18:04:20 INFO  : Connected to target on host '127.0.0.1' and port '3121'.
18:04:20 INFO  : Jtag cable 'Digilent JTAG-HS1 210512180081' is selected.
18:04:20 INFO  : 'jtag frequency' command is executed.
18:04:20 INFO  : Sourcing of 'F:/OneDrive/Study/IC2/AES-128-with-an-Instruction-Set/verifyPlatform/vivado/vivado.sdk/platform_wrapper_hw_platform_0/ps7_init.tcl' is done.
18:04:21 INFO  : Context for 'APU' is selected.
18:04:21 INFO  : Hardware design information is loaded from 'F:/OneDrive/Study/IC2/AES-128-with-an-Instruction-Set/verifyPlatform/vivado/vivado.sdk/platform_wrapper_hw_platform_0/system.hdf'.
18:04:21 INFO  : 'configparams force-mem-access 1' command is executed.
18:04:21 INFO  : Context for 'APU' is selected.
18:04:21 INFO  : 'stop' command is executed.
18:04:21 INFO  : 'ps7_init' command is executed.
18:04:21 INFO  : 'ps7_post_config' command is executed.
18:04:21 INFO  : Context for processor 'ps7_cortexa9_0' is selected.
18:04:21 INFO  : Processor reset is completed for 'ps7_cortexa9_0'.
18:04:21 INFO  : Context for processor 'ps7_cortexa9_0' is selected.
18:04:21 INFO  : The application 'F:/OneDrive/Study/IC2/AES-128-with-an-Instruction-Set/verifyPlatform/vivado/vivado.sdk/verify/Debug/verify.elf' is downloaded to processor 'ps7_cortexa9_0'.
18:04:21 INFO  : 'configparams force-mem-access 0' command is executed.
18:04:21 INFO  : ----------------XSDB Script----------------
connect -url tcp:127.0.0.1:3121
source F:/OneDrive/Study/IC2/AES-128-with-an-Instruction-Set/verifyPlatform/vivado/vivado.sdk/platform_wrapper_hw_platform_0/ps7_init.tcl
targets -set -nocase -filter {name =~"APU*" && jtag_cable_name =~ "Digilent JTAG-HS1 210512180081"} -index 0
loadhw -hw F:/OneDrive/Study/IC2/AES-128-with-an-Instruction-Set/verifyPlatform/vivado/vivado.sdk/platform_wrapper_hw_platform_0/system.hdf -mem-ranges [list {0x40000000 0xbfffffff}]
configparams force-mem-access 1
targets -set -nocase -filter {name =~"APU*" && jtag_cable_name =~ "Digilent JTAG-HS1 210512180081"} -index 0
stop
ps7_init
ps7_post_config
targets -set -nocase -filter {name =~ "ARM*#0" && jtag_cable_name =~ "Digilent JTAG-HS1 210512180081"} -index 0
rst -processor
targets -set -nocase -filter {name =~ "ARM*#0" && jtag_cable_name =~ "Digilent JTAG-HS1 210512180081"} -index 0
dow F:/OneDrive/Study/IC2/AES-128-with-an-Instruction-Set/verifyPlatform/vivado/vivado.sdk/verify/Debug/verify.elf
configparams force-mem-access 0
----------------End of Script----------------

18:04:21 INFO  : Memory regions updated for context APU
18:04:21 INFO  : Context for processor 'ps7_cortexa9_0' is selected.
18:04:21 INFO  : 'con' command is executed.
18:04:21 INFO  : ----------------XSDB Script (After Launch)----------------
targets -set -nocase -filter {name =~ "ARM*#0" && jtag_cable_name =~ "Digilent JTAG-HS1 210512180081"} -index 0
con
----------------End of Script----------------

18:04:21 INFO  : Launch script is exported to file 'F:\OneDrive\Study\IC2\AES-128-with-an-Instruction-Set\verifyPlatform\vivado\vivado.sdk\.sdk\launch_scripts\xilinx_c-c++_application_(system_debugger)\system_debugger_using_debug_verify.elf_on_local.tcl'
18:06:59 INFO  : Disconnected from the channel tcfchan#17.
18:06:59 WARN  : channel "tcfchan#17" closed
